This file contains any messages produced by compilers while
running configure, to aid debugging if configure makes a mistake.

It was created by configure, which was
generated by GNU Autoconf 2.59.  Invocation command line was

  $ ./configure 

## --------- ##
## Platform. ##
## --------- ##

hostname = mlutfi-pc
uname -m = i686
uname -r = 1.5.25(0.156/4/2)
uname -s = CYGWIN_NT-5.1
uname -v = 2008-06-12 19:34

/usr/bin/uname -p = unknown
/bin/uname -X     = unknown

/bin/arch              = i686
/usr/bin/arch -k       = unknown
/usr/convex/getsysinfo = unknown
hostinfo               = unknown
/bin/machine           = unknown
/usr/bin/oslevel       = unknown
/bin/universe          = unknown

PATH: /usr/local/bin
PATH: /usr/bin
PATH: /bin
PATH: /usr/X11R6/bin
PATH: /cygdrive/c/WINXP/system32
PATH: /cygdrive/c/WINXP
PATH: /cygdrive/c/WINXP/System32/Wbem
PATH: /cygdrive/c/Program Files/Common Files/Roxio Shared/DLLShared/
PATH: /cygdrive/c/Program Files/Common Files/Roxio Shared/9.0/DLLShared/
PATH: /cygdrive/c/Program Files/MATLAB/R2008a/bin
PATH: /cygdrive/c/Program Files/MATLAB/R2008a/bin/win32
PATH: /cygdrive/c/Program Files/QuickTime/QTSystem/
PATH: /cygdrive/c/Nburn/pcbin
PATH: /cygdrive/c/Nburn/gcc-m68k/bin
PATH: /cygdrive/c/Program Files/SDCC/bin
PATH: /cygdrive/c/Program Files/gputils/bin


## ----------- ##
## Core tests. ##
## ----------- ##

configure:1564: checking build system type
configure:1582: result: i686-pc-cygwin
configure:1590: checking host system type
configure:1604: result: i686-pc-cygwin
configure:1612: checking target system type
configure:1626: result: i686-pc-cygwin
configure:1673: checking for a BSD-compatible install
configure:1728: result: /usr/bin/install -c
configure:1743: checking for -p flag to install
configure:1756: result: yes
configure:1767: checking whether build environment is sane
configure:1810: result: yes
configure:1862: checking for gawk
configure:1878: found /usr/bin/gawk
configure:1888: result: gawk
configure:1898: checking whether make sets $(MAKE)
configure:1918: result: yes
configure:2104: checking for kde-config
configure:2154: result: not found
configure:2159: error: The important program kde-config was not found!
Please check whether you installed KDE correctly.


## ---------------- ##
## Cache variables. ##
## ---------------- ##

ac_cv_build=i686-pc-cygwin
ac_cv_build_alias=i686-pc-cygwin
ac_cv_env_CC_set=
ac_cv_env_CC_value=
ac_cv_env_CFLAGS_set=
ac_cv_env_CFLAGS_value=
ac_cv_env_CPPFLAGS_set=
ac_cv_env_CPPFLAGS_value=
ac_cv_env_CPP_set=
ac_cv_env_CPP_value=
ac_cv_env_CXXCPP_set=
ac_cv_env_CXXCPP_value=
ac_cv_env_CXXFLAGS_set=
ac_cv_env_CXXFLAGS_value=
ac_cv_env_CXX_set=
ac_cv_env_CXX_value=
ac_cv_env_F77_set=
ac_cv_env_F77_value=
ac_cv_env_FFLAGS_set=
ac_cv_env_FFLAGS_value=
ac_cv_env_LDFLAGS_set=
ac_cv_env_LDFLAGS_value=
ac_cv_env_build_alias_set=
ac_cv_env_build_alias_value=
ac_cv_env_host_alias_set=
ac_cv_env_host_alias_value=
ac_cv_env_target_alias_set=
ac_cv_env_target_alias_value=
ac_cv_host=i686-pc-cygwin
ac_cv_host_alias=i686-pc-cygwin
ac_cv_path_install='/usr/bin/install -c'
ac_cv_prog_AWK=gawk
ac_cv_prog_make_make_set=yes
ac_cv_target=i686-pc-cygwin
ac_cv_target_alias=i686-pc-cygwin
kde_cv_path=NONE
kde_cv_path_kde_config=NONE

## ----------------- ##
## Output variables. ##
## ----------------- ##

ACLOCAL='${SHELL} /cygdrive/c/src/PIC/pikloops-0.2.5/admin/missing --run aclocal-1.9'
AMDEPBACKSLASH=''
AMDEP_FALSE=''
AMDEP_TRUE=''
AMTAR='${SHELL} /cygdrive/c/src/PIC/pikloops-0.2.5/admin/missing --run tar'
AR=''
ARTSCCONFIG=''
AUTOCONF='${SHELL} /cygdrive/c/src/PIC/pikloops-0.2.5/admin/missing --run autoconf'
AUTODIRS=''
AUTOHEADER='${SHELL} /cygdrive/c/src/PIC/pikloops-0.2.5/admin/missing --run autoheader'
AUTOMAKE='${SHELL} /cygdrive/c/src/PIC/pikloops-0.2.5/admin/missing --run automake-1.9'
AWK='gawk'
CC=''
CCDEPMODE=''
CFLAGS=''
CONF_FILES=''
CPP=''
CPPFLAGS=''
CXX=''
CXXCPP=''
CXXDEPMODE=''
CXXFLAGS=''
CYGPATH_W='cygpath -w'
DCOPIDL2CPP=''
DCOPIDL=''
DCOPIDLNG=''
DCOP_DEPENDENCIES=''
DEFS=''
DEPDIR=''
ECHO='echo'
ECHO_C=''
ECHO_N='-n'
ECHO_T=''
EGREP=''
ENABLE_PERMISSIVE_FLAG=''
EXEEXT=''
F77=''
FFLAGS=''
FRAMEWORK_COREAUDIO=''
GMSGFMT=''
HAVE_GCC_VISIBILITY=''
INSTALL_DATA='${INSTALL} -m 644'
INSTALL_PROGRAM='${INSTALL} $(INSTALL_STRIP_FLAG)'
INSTALL_SCRIPT='${INSTALL}'
INSTALL_STRIP_PROGRAM='${SHELL} $(install_sh) -c -s'
KCFG_DEPENDENCIES=''
KCONFIG_COMPILER=''
KDECONFIG=''
KDE_CHECK_PLUGIN=''
KDE_EXTRA_RPATH=''
KDE_INCLUDES=''
KDE_LDFLAGS=''
KDE_MT_LDFLAGS=''
KDE_MT_LIBS=''
KDE_NO_UNDEFINED=''
KDE_PLUGIN=''
KDE_RPATH=''
KDE_USE_CLOSURE_FALSE=''
KDE_USE_CLOSURE_TRUE=''
KDE_USE_FINAL_FALSE=''
KDE_USE_FINAL_TRUE=''
KDE_USE_FPIE=''
KDE_USE_NMCHECK_FALSE=''
KDE_USE_NMCHECK_TRUE=''
KDE_USE_PIE=''
KDE_XSL_STYLESHEET=''
LDFLAGS=''
LDFLAGS_AS_NEEDED=''
LDFLAGS_NEW_DTAGS=''
LIBCOMPAT=''
LIBCRYPT=''
LIBDL=''
LIBJPEG=''
LIBOBJS=''
LIBPNG=''
LIBPTHREAD=''
LIBRESOLV=''
LIBS=''
LIBSM=''
LIBSOCKET=''
LIBTOOL=''
LIBUCB=''
LIBUTIL=''
LIBZ=''
LIB_KAB=''
LIB_KABC=''
LIB_KDECORE=''
LIB_KDED=''
LIB_KDEPIM=''
LIB_KDEPRINT=''
LIB_KDEUI=''
LIB_KDNSSD=''
LIB_KFILE=''
LIB_KFM=''
LIB_KHTML=''
LIB_KIMPROXY=''
LIB_KIO=''
LIB_KJS=''
LIB_KNEWSTUFF=''
LIB_KPARTS=''
LIB_KSPELL=''
LIB_KSYCOCA=''
LIB_KUNITTEST=''
LIB_KUTILS=''
LIB_POLL=''
LIB_QPE=''
LIB_QT=''
LIB_SMB=''
LIB_X11=''
LIB_XEXT=''
LIB_XRENDER=''
LN_S=''
LTLIBOBJS=''
MAKEINFO='${SHELL} /cygdrive/c/src/PIC/pikloops-0.2.5/admin/missing --run makeinfo'
MAKEKDEWIDGETS=''
MCOPIDL=''
MEINPROC=''
MOC=''
MSGFMT=''
NOOPT_CFLAGS=''
NOOPT_CXXFLAGS=''
OBJEXT=''
PACKAGE='pikloops'
PACKAGE_BUGREPORT=''
PACKAGE_NAME=''
PACKAGE_STRING=''
PACKAGE_TARNAME=''
PACKAGE_VERSION=''
PATH_SEPARATOR=':'
PERL=''
QTE_NORTTI=''
QT_INCLUDES=''
QT_LDFLAGS=''
RANLIB=''
SET_MAKE=''
SHELL='/bin/sh'
STRIP=''
TOPSUBDIRS=''
UIC=''
UIC_TR=''
USER_INCLUDES=''
USER_LDFLAGS=''
USE_EXCEPTIONS=''
USE_RTTI=''
USE_THREADS=''
VERSION='0.2.5'
WOVERLOADED_VIRTUAL=''
XGETTEXT=''
XMLLINT=''
X_EXTRA_LIBS=''
X_INCLUDES=''
X_LDFLAGS=''
X_PRE_LIBS=''
X_RPATH=''
ac_ct_AR=''
ac_ct_CC=''
ac_ct_CXX=''
ac_ct_F77=''
ac_ct_RANLIB=''
ac_ct_STRIP=''
all_includes=''
all_libraries=''
am__fastdepCC_FALSE=''
am__fastdepCC_TRUE=''
am__fastdepCXX_FALSE=''
am__fastdepCXX_TRUE=''
am__include=''
am__leading_dot='.'
am__quote=''
am__tar='${AMTAR} chof - "$$tardir"'
am__untar='${AMTAR} xf -'
bindir='${exec_prefix}/bin'
build='i686-pc-cygwin'
build_alias=''
build_cpu='i686'
build_os='cygwin'
build_vendor='pc'
datadir='${prefix}/share'
exec_prefix='NONE'
host='i686-pc-cygwin'
host_alias=''
host_cpu='i686'
host_os='cygwin'
host_vendor='pc'
include_ARTS_FALSE=''
include_ARTS_TRUE=''
include_x11_FALSE=''
include_x11_TRUE=''
includedir='${prefix}/include'
infodir='${prefix}/info'
install_sh='/cygdrive/c/src/PIC/pikloops-0.2.5/admin/install-sh'
kde_appsdir=''
kde_bindir=''
kde_confdir=''
kde_datadir=''
kde_htmldir=''
kde_icondir=''
kde_includes=''
kde_kcfgdir=''
kde_libraries=''
kde_libs_htmldir=''
kde_libs_prefix=''
kde_locale=''
kde_mimedir=''
kde_moduledir=''
kde_qtver=''
kde_servicesdir=''
kde_servicetypesdir=''
kde_sounddir=''
kde_styledir=''
kde_templatesdir=''
kde_wallpaperdir=''
kde_widgetdir=''
kdeinitdir=''
libdir='${exec_prefix}/lib'
libexecdir='${exec_prefix}/libexec'
localstatedir='${prefix}/var'
mandir='${prefix}/man'
mkdir_p='mkdir -p --'
oldincludedir='/usr/include'
prefix='NONE'
program_transform_name='s,x,x,'
qt_includes=''
qt_libraries=''
sbindir='${exec_prefix}/sbin'
sharedstatedir='${prefix}/com'
sysconfdir='${prefix}/etc'
target='i686-pc-cygwin'
target_alias=''
target_cpu='i686'
target_os='cygwin'
target_vendor='pc'
unsermake_enable_pch_FALSE=''
unsermake_enable_pch_TRUE=''
x_includes='NONE'
x_libraries='NONE'
xdg_appsdir=''
xdg_directorydir=''
xdg_menudir=''

## ----------- ##
## confdefs.h. ##
## ----------- ##

#define PACKAGE "pikloops"
#define PACKAGE_BUGREPORT ""
#define PACKAGE_NAME ""
#define PACKAGE_STRING ""
#define PACKAGE_TARNAME ""
#define PACKAGE_VERSION ""
#define VERSION "0.2.5"

configure: exit 1
